<?xml version="1.0" encoding="UTF-8"?>
<!-- Generated by org.testng.reporters.JUnitReportReporter -->
<testsuite hostname="WV619" name="Sikuli_TestCases.MyAccount_Page_UI" tests="1" failures="0" timestamp="9 Aug 2017 13:00:21 GMT" time="23.768" errors="0">
  <testcase name="MyAccountGUI" time="23.768" classname="Sikuli_TestCases.MyAccount_Page_UI"/>
</testsuite> <!-- Sikuli_TestCases.MyAccount_Page_UI -->
