<?xml version="1.0" encoding="UTF-8"?>
<!-- Generated by org.testng.reporters.JUnitReportReporter -->
<testsuite hostname="WV619" name="TestCases.FooterVerify" tests="4" failures="0" timestamp="10 Jan 2017 10:34:56 GMT" time="267.423" errors="0">
  <testcase name="FAQLinkVerify" time="45.647" classname="TestCases.FooterVerify"/>
  <testcase name="ShippingLinkVerify" time="122.364" classname="TestCases.FooterVerify"/>
  <testcase name="ServiceLinkVerify" time="53.506" classname="TestCases.FooterVerify"/>
  <testcase name="PaymentLinkVerify" time="45.906" classname="TestCases.FooterVerify"/>
</testsuite> <!-- TestCases.FooterVerify -->
