<?xml version="1.0" encoding="UTF-8"?>
<!-- Generated by org.testng.reporters.JUnitReportReporter -->
<testsuite hostname="WV652" name="TestCases.TestScript_16709" tests="1" failures="0" timestamp="22 May 2017 13:19:23 GMT" time="11.770" errors="0">
  <testcase name="customerInfoWithGreyIcons" time="11.770" classname="TestCases.TestScript_16709"/>
</testsuite> <!-- TestCases.TestScript_16709 -->
