<?xml version="1.0" encoding="UTF-8"?>
<!-- Generated by org.testng.reporters.JUnitReportReporter -->
<testsuite hostname="WV619" name="TestCases.WriteExcel" tests="1" failures="0" timestamp="16 Jun 2017 10:54:01 GMT" time="12.439" errors="0">
  <testcase name="test" time="12.439" classname="TestCases.WriteExcel"/>
</testsuite> <!-- TestCases.WriteExcel -->
