<?xml version="1.0" encoding="UTF-8"?>
<!-- Generated by org.testng.reporters.JUnitReportReporter -->
<testsuite hostname="WV619" name="TestCases.MobileTestScriptMaken_16641" tests="5" failures="0" timestamp="3 Jul 2017 08:10:01 GMT" time="226.970" errors="0">
  <testcase name="ProductDropdown_16641_Mobile" time="37.398" classname="TestCases.MobileTestScriptMaken_16641"/>
  <testcase name="ProductSeriesButtonVerify_16641_Mobile" time="46.372" classname="TestCases.MobileTestScriptMaken_16641"/>
  <testcase name="MarkenSlider_16641_Mobile" time="18.626" classname="TestCases.MobileTestScriptMaken_16641"/>
  <testcase name="ProductDetailButtonVerify_16641_Mobile" time="48.774" classname="TestCases.MobileTestScriptMaken_16641"/>
  <testcase name="ProductFilterDropdownVerify_16641_Mobile" time="75.800" classname="TestCases.MobileTestScriptMaken_16641"/>
</testsuite> <!-- TestCases.MobileTestScriptMaken_16641 -->
