<?xml version="1.0" encoding="UTF-8"?>
<!-- Generated by org.testng.reporters.JUnitReportReporter -->
<testsuite hostname="WV652" name="TestCases.MobileTestScriptCart_16709" tests="1" failures="0" timestamp="23 Jun 2017 10:38:51 GMT" time="10.347" errors="0">
  <testcase name="verifyActionsText_16709" time="10.347" classname="TestCases.MobileTestScriptCart_16709"/>
</testsuite> <!-- TestCases.MobileTestScriptCart_16709 -->
